<?xml version="1.0" encoding="UTF-8"?>
<!-- Generated by org.testng.reporters.JUnitXMLReporter -->
<testsuite ignored="0" hostname="F2VBET-251" failures="0" tests="1" name="Pixel3" time="0.065" errors="0" timestamp="2022-04-18T15:21:01 AMT">
  <testcase classname="com.qa.runners.MyTestNGRunnerTest" name="@BeforeClass setUpClass" time="-1.650280861393E9">
    <failure type="java.lang.ArrayIndexOutOfBoundsException" message="Index 5 out of bounds for length 5">
      <![CDATA[java.lang.ArrayIndexOutOfBoundsException: Index 5 out of bounds for length 5
at java.base/java.util.ArrayList.forEach(ArrayList.java:1511)
at java.base/java.util.concurrent.FutureTask.run(FutureTask.java:264)
at java.base/java.util.concurrent.ThreadPoolExecutor.runWorker(ThreadPoolExecutor.java:1130)
at java.base/java.util.concurrent.ThreadPoolExecutor$Worker.run(ThreadPoolExecutor.java:630)
at java.base/java.lang.Thread.run(Thread.java:832)
... Removed 13 stack frames]]>
    </failure>
  </testcase> <!-- @BeforeClass setUpClass -->
  <testcase classname="com.qa.runners.MyTestNGRunnerTest" name="@AfterClass tearDownClass" time="0.034">
    <failure type="java.lang.NullPointerException" message="Cannot invoke &amp;quot;io.cucumber.testng.TestNGCucumberRunner.finish()&amp;quot; because the return value of &amp;quot;com.qa.runners.MyTestNGRunnerTest.getRunner()&amp;quot; is null">
      <![CDATA[java.lang.NullPointerException: Cannot invoke "io.cucumber.testng.TestNGCucumberRunner.finish()" because the return value of "com.qa.runners.MyTestNGRunnerTest.getRunner()" is null
at com.qa.runners.MyTestNGRunnerTest.tearDownClass(MyTestNGRunnerTest.java:86)
at java.base/java.util.ArrayList.forEach(ArrayList.java:1511)
at java.base/java.util.concurrent.FutureTask.run(FutureTask.java:264)
at java.base/java.util.concurrent.ThreadPoolExecutor.runWorker(ThreadPoolExecutor.java:1130)
at java.base/java.util.concurrent.ThreadPoolExecutor$Worker.run(ThreadPoolExecutor.java:630)
at java.base/java.lang.Thread.run(Thread.java:832)
... Removed 16 stack frames]]>
    </failure>
  </testcase> <!-- @AfterClass tearDownClass -->
  <testcase classname="com.qa.runners.MyTestNGRunnerTest" name="scenario" time="0.0">
    <skipped/>
  </testcase> <!-- scenario -->
</testsuite> <!-- Pixel3 -->
